<?xml version="1.0" encoding="UTF-8"?>
<!-- Generated by org.testng.reporters.JUnitReportReporter -->
<testsuite hostname="DESKTOP-BMLLM5O" name="NewMavenMaven.MuraliN.NuraliTestNugTest" tests="2" failures="0" timestamp="31 Jul 2019 13:54:44 GMT" time="0.060" errors="0">
  <testcase name="naughtyTest" time="0.003" classname="NewMavenMaven.MuraliN.NuraliTestNugTest"/>
  <testcase name="naughty123Test" time="0.057" classname="NewMavenMaven.MuraliN.NuraliTestNugTest"/>
</testsuite> <!-- NewMavenMaven.MuraliN.NuraliTestNugTest -->
